<?xml version="1.0" encoding="UTF-8"?>
<!-- Generated by org.testng.reporters.JUnitReportReporter -->
<testsuite hostname="DESKTOP-MTICK8R" failures="0" tests="1" name="com.actitime.testscript.ProjectModule" time="40.470" errors="0" timestamp="2023-02-14T02:18:52 GMT-08:00" skipped="0">
  <testcase classname="com.actitime.testscript.ProjectModule" name="testCreateProject" time="40.470"/>
  <system-out>
    <![CDATA[CreateProject]]>
  </system-out>
</testsuite> <!-- com.actitime.testscript.ProjectModule -->
